
** 2013-01-22 11:19:06.120536 **:
MarGo: Cannot load env vars: Decode Error: No JSON object could be decoded
env output: /bin/sh: 1: gosublime.r13.01.21-1.margo.exe: not found
--------------------------------

** 2013-01-22 11:19:06.121749 **:
MarGo: Missing environment variable(s): GOROOT, GOPATH
--------------------------------

** 2013-01-22 11:19:24.687382 **:
MarGo: Installation aborted. Install command already called for GoSublime r13.01.21-1.
--------------------------------

** 2013-01-22 11:19:24.703592 **:
MarGo: Cannot start MarGo: Error running command ['/home/congnt3/.config/sublime-text-2/Packages/User/GoSublime/9/bin/gosublime.r13.01.21-1.margo.exe', '-poll=30']: GoSublime: Traceback (most recent call last):
  File "./gsshell.py", line 255, in proc
    bufsize=bufsize
  File ".\subprocess.py", line 633, in __init__
  File ".\subprocess.py", line 1139, in _execute_child
OSError: [Errno 2] No such file or directory
--------------------------------

** 2013-01-22 11:19:25.585800 **:
MarGo: Installation aborted. Install command already called for GoSublime r13.01.21-1.
--------------------------------

** 2013-01-22 11:19:25.599660 **:
MarGo: Cannot start MarGo: Error running command ['/home/congnt3/.config/sublime-text-2/Packages/User/GoSublime/9/bin/gosublime.r13.01.21-1.margo.exe', '-poll=30']: GoSublime: Traceback (most recent call last):
  File "./gsshell.py", line 255, in proc
    bufsize=bufsize
  File ".\subprocess.py", line 633, in __init__
  File ".\subprocess.py", line 1139, in _execute_child
OSError: [Errno 2] No such file or directory
--------------------------------

** 2013-01-22 11:19:25.605646 **:
GsComplete: Abort. Cannot start MarGo
--------------------------------

** 2013-01-22 11:19:25.689328 **:
MarGo: Installation aborted. Install command already called for GoSublime r13.01.21-1.
--------------------------------

** 2013-01-22 11:19:25.703181 **:
MarGo: Cannot start MarGo: Error running command ['/home/congnt3/.config/sublime-text-2/Packages/User/GoSublime/9/bin/gosublime.r13.01.21-1.margo.exe', '-poll=30']: GoSublime: Traceback (most recent call last):
  File "./gsshell.py", line 255, in proc
    bufsize=bufsize
  File ".\subprocess.py", line 633, in __init__
  File ".\subprocess.py", line 1139, in _execute_child
OSError: [Errno 2] No such file or directory
--------------------------------

** 2013-01-22 11:19:25.709325 **:
GsComplete: Abort. Cannot start MarGo
--------------------------------

** 2013-01-22 11:19:25.822834 **:
MarGo: Installation aborted. Install command already called for GoSublime r13.01.21-1.
--------------------------------

** 2013-01-22 11:19:25.836788 **:
MarGo: Cannot start MarGo: Error running command ['/home/congnt3/.config/sublime-text-2/Packages/User/GoSublime/9/bin/gosublime.r13.01.21-1.margo.exe', '-poll=30']: GoSublime: Traceback (most recent call last):
  File "./gsshell.py", line 255, in proc
    bufsize=bufsize
  File ".\subprocess.py", line 633, in __init__
  File ".\subprocess.py", line 1139, in _execute_child
OSError: [Errno 2] No such file or directory
--------------------------------

** 2013-01-22 11:19:25.842827 **:
GsComplete: Abort. Cannot start MarGo
--------------------------------

** 2013-01-22 11:19:25.925920 **:
MarGo: Installation aborted. Install command already called for GoSublime r13.01.21-1.
--------------------------------

** 2013-01-22 11:19:25.939847 **:
MarGo: Cannot start MarGo: Error running command ['/home/congnt3/.config/sublime-text-2/Packages/User/GoSublime/9/bin/gosublime.r13.01.21-1.margo.exe', '-poll=30']: GoSublime: Traceback (most recent call last):
  File "./gsshell.py", line 255, in proc
    bufsize=bufsize
  File ".\subprocess.py", line 633, in __init__
  File ".\subprocess.py", line 1139, in _execute_child
OSError: [Errno 2] No such file or directory
--------------------------------

** 2013-01-22 11:19:25.945905 **:
GsComplete: Abort. Cannot start MarGo
--------------------------------

** 2013-01-22 11:19:26.714462 **:
MarGo: Installation aborted. Install command already called for GoSublime r13.01.21-1.
--------------------------------

** 2013-01-22 11:19:26.728565 **:
MarGo: Cannot start MarGo: Error running command ['/home/congnt3/.config/sublime-text-2/Packages/User/GoSublime/9/bin/gosublime.r13.01.21-1.margo.exe', '-poll=30']: GoSublime: Traceback (most recent call last):
  File "./gsshell.py", line 255, in proc
    bufsize=bufsize
  File ".\subprocess.py", line 633, in __init__
  File ".\subprocess.py", line 1139, in _execute_child
OSError: [Errno 2] No such file or directory
--------------------------------

** 2013-01-22 11:19:30.220787 **:
MarGo: Installation aborted. Install command already called for GoSublime r13.01.21-1.
--------------------------------

** 2013-01-22 11:19:30.234774 **:
MarGo: Cannot start MarGo: Error running command ['/home/congnt3/.config/sublime-text-2/Packages/User/GoSublime/9/bin/gosublime.r13.01.21-1.margo.exe', '-poll=30']: GoSublime: Traceback (most recent call last):
  File "./gsshell.py", line 255, in proc
    bufsize=bufsize
  File ".\subprocess.py", line 633, in __init__
  File ".\subprocess.py", line 1139, in _execute_child
OSError: [Errno 2] No such file or directory
--------------------------------

** 2013-01-22 11:19:30.789044 **:
MarGo: Installation aborted. Install command already called for GoSublime r13.01.21-1.
--------------------------------

** 2013-01-22 11:19:30.802934 **:
MarGo: Cannot start MarGo: Error running command ['/home/congnt3/.config/sublime-text-2/Packages/User/GoSublime/9/bin/gosublime.r13.01.21-1.margo.exe', '-poll=30']: GoSublime: Traceback (most recent call last):
  File "./gsshell.py", line 255, in proc
    bufsize=bufsize
  File ".\subprocess.py", line 633, in __init__
  File ".\subprocess.py", line 1139, in _execute_child
OSError: [Errno 2] No such file or directory
--------------------------------

** 2013-01-22 11:19:31.725197 **:
MarGo: Installation aborted. Install command already called for GoSublime r13.01.21-1.
--------------------------------

** 2013-01-22 11:19:31.740010 **:
MarGo: Cannot start MarGo: Error running command ['/home/congnt3/.config/sublime-text-2/Packages/User/GoSublime/9/bin/gosublime.r13.01.21-1.margo.exe', '-poll=30']: GoSublime: Traceback (most recent call last):
  File "./gsshell.py", line 255, in proc
  File ".\subprocess.py", line 633, in __init__
  File ".\subprocess.py", line 1139, in _execute_child
OSError: [Errno 2] No such file or directory
--------------------------------

** 2013-01-22 11:20:04.000064 **:
MarGo: Installation aborted. Install command already called for GoSublime r13.01.21-1.
--------------------------------

** 2013-01-22 11:20:04.015070 **:
MarGo: Cannot start MarGo: Error running command ['/home/congnt3/.config/sublime-text-2/Packages/User/GoSublime/9/bin/gosublime.r13.01.21-1.margo.exe', '-poll=30']: GoSublime: Traceback (most recent call last):
  File "./gsshell.py", line 255, in proc
  File ".\subprocess.py", line 633, in __init__
  File ".\subprocess.py", line 1139, in _execute_child
OSError: [Errno 2] No such file or directory
--------------------------------

** 2013-01-22 11:20:04.015378 **:
GsPalette: Abort. Cannot start MarGo
--------------------------------

** 2013-01-22 11:21:43.772508 **:
MarGo: Installation aborted. Install command already called for GoSublime r13.01.21-1.
--------------------------------

** 2013-01-22 11:21:43.796335 **:
MarGo: Cannot start MarGo: Error running command ['/home/congnt3/.config/sublime-text-2/Packages/User/GoSublime/9/bin/gosublime.r13.01.21-1.margo.exe', '-poll=30']: GoSublime: Traceback (most recent call last):
  File "./gsshell.py", line 255, in proc
  File ".\subprocess.py", line 633, in __init__
  File ".\subprocess.py", line 1139, in _execute_child
OSError: [Errno 2] No such file or directory
--------------------------------

** 2013-01-22 11:21:43.796617 **:
GsPalette: Abort. Cannot start MarGo
--------------------------------

** 2013-01-22 11:21:49.077627 **:
MarGo: Installation aborted. Install command already called for GoSublime r13.01.21-1.
--------------------------------

** 2013-01-22 11:21:49.096135 **:
MarGo: Cannot start MarGo: Error running command ['/home/congnt3/.config/sublime-text-2/Packages/User/GoSublime/9/bin/gosublime.r13.01.21-1.margo.exe', '-poll=30']: GoSublime: Traceback (most recent call last):
  File "./gsshell.py", line 255, in proc
  File ".\subprocess.py", line 633, in __init__
  File ".\subprocess.py", line 1139, in _execute_child
OSError: [Errno 2] No such file or directory
--------------------------------

** 2013-01-22 11:21:49.096421 **:
GsPalette: Abort. Cannot start MarGo
--------------------------------

** 2013-01-22 11:28:26.167352 **:
MarGo: Installation aborted. Install command already called for GoSublime r13.01.21-1.
--------------------------------

** 2013-01-22 11:28:26.218569 **:
MarGo: Cannot start MarGo: Error running command ['/home/congnt3/.config/sublime-text-2/Packages/User/GoSublime/9/bin/gosublime.r13.01.21-1.margo.exe', '-poll=30']: GoSublime: Traceback (most recent call last):
  File "./gsshell.py", line 255, in proc
  File ".\subprocess.py", line 633, in __init__
  File ".\subprocess.py", line 1139, in _execute_child
OSError: [Errno 2] No such file or directory
--------------------------------

** 2013-01-22 11:28:30.225868 **:
MarGo: Missing environment variable(s): GOPATH
--------------------------------

** 2013-01-22 11:30:14.456234 **:
MarGo: Missing environment variable(s): GOPATH
--------------------------------

** 2013-01-22 11:35:52.581141 **:
MarGo: Missing environment variable(s): GOPATH
--------------------------------

** 2013-01-22 11:36:18.275869 **:
MarGo: Missing environment variable(s): GOPATH
--------------------------------

** 2013-01-22 11:36:52.459611 **:
MarGo: Missing environment variable(s): GOPATH
--------------------------------

** 2013-01-24 15:34:30.134426 **:
MarGo: Missing environment variable(s): GOPATH
--------------------------------

** 2013-01-24 15:35:04.493991 **:
MarGo: Missing environment variable(s): GOPATH
--------------------------------

** 2013-01-24 15:46:49.011783 **:
MarGo: Missing environment variable(s): GOPATH
--------------------------------

** 2013-01-24 15:54:00.488994 **:
MarGo: Missing environment variable(s): GOPATH
--------------------------------
